<?xml version="1.0" encoding="UTF-8"?>
<robot generator="Robot 7.1.1 (Python 3.13.0 on win32)" generated="2024-12-06T22:14:54.134802" rpa="false" schemaversion="5">
<suite id="s1" name="Login" source="c:\Users\joao.paranhos\Desktop\robott\test\login.robot">
<kw name="Open Browser" owner="SeleniumLibrary" type="SETUP">
<msg time="2024-12-06T22:14:54.743725" level="INFO">Opening browser 'chrome' to base url 'None'.</msg>
<arg>browser=chrome</arg>
<doc>Opens a new browser instance to the optional ``url``.</doc>
<status status="PASS" start="2024-12-06T22:14:54.742656" elapsed="2.935630"/>
</kw>
<test id="s1-t1" name="Successful Login" line="14">
<kw name="I navegate to the login page" owner="login_keywords">
<kw name="Go To" owner="SeleniumLibrary">
<msg time="2024-12-06T22:14:57.685430" level="INFO">Opening url 'https://www.saucedemo.com'</msg>
<arg>${URL_DATA["baseUrl"]}</arg>
<doc>Navigates the current browser window to the provided ``url``.</doc>
<status status="PASS" start="2024-12-06T22:14:57.684122" elapsed="0.999466"/>
</kw>
<status status="PASS" start="2024-12-06T22:14:57.683165" elapsed="1.000753"/>
</kw>
<kw name="I input correct credentials" owner="login_keywords">
<kw name="Wait Until Element Is Visible" owner="SeleniumLibrary">
<arg>user-name</arg>
<doc>Waits until the element ``locator`` is visible.</doc>
<status status="PASS" start="2024-12-06T22:14:58.685509" elapsed="0.061297"/>
</kw>
<kw name="Wait Until Element Is Visible" owner="SeleniumLibrary">
<arg>password</arg>
<doc>Waits until the element ``locator`` is visible.</doc>
<status status="PASS" start="2024-12-06T22:14:58.747117" elapsed="0.031085"/>
</kw>
<kw name="Input Text" owner="SeleniumLibrary">
<msg time="2024-12-06T22:14:58.779199" level="INFO">Typing text 'standard_user' into text field 'user-name'.</msg>
<arg>user-name</arg>
<arg>${LOGIN_DATA["correctData"]["username"]}</arg>
<doc>Types the given ``text`` into the text field identified by ``locator``.</doc>
<status status="PASS" start="2024-12-06T22:14:58.778524" elapsed="0.232962"/>
</kw>
<kw name="Input Password" owner="SeleniumLibrary">
<msg time="2024-12-06T22:14:59.013297" level="INFO">Typing password into text field 'password'.</msg>
<msg time="2024-12-06T22:14:59.073105" level="INFO">Temporally setting log level to: NONE</msg>
<arg>password</arg>
<arg>${LOGIN_DATA["correctData"]["password"]}</arg>
<doc>Types the given password into the text field identified by ``locator``.</doc>
<status status="PASS" start="2024-12-06T22:14:59.012012" elapsed="0.172344"/>
</kw>
<status status="PASS" start="2024-12-06T22:14:58.684691" elapsed="0.500200"/>
</kw>
<kw name="I Click on the button login" owner="login_keywords">
<kw name="Click Button" owner="SeleniumLibrary">
<msg time="2024-12-06T22:14:59.195768" level="INFO">Clicking button 'login-button'.</msg>
<arg>login-button</arg>
<doc>Clicks the button identified by ``locator``.</doc>
<status status="PASS" start="2024-12-06T22:14:59.195267" elapsed="0.247022"/>
</kw>
<status status="PASS" start="2024-12-06T22:14:59.194467" elapsed="0.248418"/>
</kw>
<kw name="I am able view the home page" owner="login_keywords">
<kw name="Get Location" owner="SeleniumLibrary">
<msg time="2024-12-06T22:14:59.457575" level="INFO">${Location} = https://www.saucedemo.com/inventory.html</msg>
<var>${Location}</var>
<doc>Returns the current browser window URL.</doc>
<status status="PASS" start="2024-12-06T22:14:59.444847" elapsed="0.013593"/>
</kw>
<kw name="Catenate" owner="BuiltIn">
<msg time="2024-12-06T22:14:59.461993" level="INFO">${full_url} = https://www.saucedemo.com/inventory.html</msg>
<var>${full_url}</var>
<arg>SEPARATOR=</arg>
<arg>${URL_DATA["baseUrl"]}</arg>
<arg>${URL_DATA["inventoryUrl"]}</arg>
<doc>Catenates the given items together and returns the resulted string.</doc>
<status status="PASS" start="2024-12-06T22:14:59.459012" elapsed="0.003293"/>
</kw>
<kw name="Should Be Equal" owner="BuiltIn">
<arg>${Location}</arg>
<arg>${full_url}</arg>
<doc>Fails if the given objects are unequal.</doc>
<status status="PASS" start="2024-12-06T22:14:59.462717" elapsed="0.000570"/>
</kw>
<status status="PASS" start="2024-12-06T22:14:59.444085" elapsed="0.019485"/>
</kw>
<status status="PASS" start="2024-12-06T22:14:57.679019" elapsed="1.785708"/>
</test>
<status status="PASS" start="2024-12-06T22:14:54.144577" elapsed="5.324082"/>
</suite>
<statistics>
<total>
<stat pass="1" fail="0" skip="0">All Tests</stat>
</total>
<tag>
</tag>
<suite>
<stat pass="1" fail="0" skip="0" id="s1" name="Login">Login</stat>
</suite>
</statistics>
<errors>
</errors>
</robot>
